<?xml version="1.0" encoding="UTF-8"?>
<!-- Generated by org.testng.reporters.JUnitXMLReporter -->
<testsuite ignored="0" hostname="DESKTOP-JEFE1IF" failures="0" tests="3" name="Test" time="66.832" errors="0" timestamp="2025-01-04T16:41:26 IST">
  <testcase classname="Test_Language.TestCase_English" name="EN_XDM_Licensing" time="4.671"/>
  <testcase classname="Test_Language.TestCase_English" name="EN_XDM_admin" time="5.135"/>
  <testcase classname="Test_Language.TestCase_German" name="EN_XDM_Licensing" time="0.823"/>
</testsuite> <!-- Test -->
