<?xml version="1.0" encoding="UTF-8"?>
<testng-results ignored="0" total="1" passed="1" failed="0" skipped="0">
  <reporter-output>
  </reporter-output>
  <suite started-at="2024-12-21T17:43:17 IST" name="Default suite" finished-at="2024-12-21T17:43:41 IST" duration-ms="24049">
    <groups>
    </groups>
    <test started-at="2024-12-21T17:43:17 IST" name="Default test" finished-at="2024-12-21T17:43:41 IST" duration-ms="24049">
      <class name="Test_Language.TestCase_English">
        <test-method is-config="true" signature="browserSetUp()[pri:0, instance:Test_Language.TestCase_English@248e319b]" started-at="2024-12-21T17:43:18 IST" name="browserSetUp" finished-at="2024-12-21T17:43:37 IST" duration-ms="18997" status="PASS">
          <reporter-output>
          </reporter-output>
        </test-method> <!-- browserSetUp -->
        <test-method signature="EN_XDM_Licensing()[pri:0, instance:Test_Language.TestCase_English@248e319b]" started-at="2024-12-21T17:43:37 IST" name="EN_XDM_Licensing" finished-at="2024-12-21T17:43:41 IST" duration-ms="3718" status="PASS">
          <reporter-output>
          </reporter-output>
        </test-method> <!-- EN_XDM_Licensing -->
        <test-method is-config="true" signature="tearDown()[pri:0, instance:Test_Language.TestCase_English@248e319b]" started-at="2024-12-21T17:43:41 IST" name="tearDown" finished-at="2024-12-21T17:43:41 IST" duration-ms="641" status="PASS">
          <reporter-output>
          </reporter-output>
        </test-method> <!-- tearDown -->
      </class> <!-- Test_Language.TestCase_English -->
    </test> <!-- Default test -->
  </suite> <!-- Default suite -->
</testng-results>
