<?xml version="1.0" encoding="UTF-8"?>
<testng-results ignored="0" total="3" passed="3" failed="0" skipped="0">
  <reporter-output>
  </reporter-output>
  <suite started-at="2025-01-04T16:40:17 IST" name="Suite" finished-at="2025-01-04T16:41:24 IST" duration-ms="66832">
    <groups>
    </groups>
    <test started-at="2025-01-04T16:40:17 IST" name="Test" finished-at="2025-01-04T16:41:24 IST" duration-ms="66832">
      <class name="Test_Language.TestCase_English">
        <test-method is-config="true" signature="browserSetUp()[pri:0, instance:Test_Language.TestCase_English@173ed316]" started-at="2025-01-04T16:40:18 IST" name="browserSetUp" finished-at="2025-01-04T16:40:38 IST" duration-ms="20144" status="PASS">
          <reporter-output>
          </reporter-output>
        </test-method> <!-- browserSetUp -->
        <test-method signature="EN_XDM_Licensing()[pri:0, instance:Test_Language.TestCase_English@173ed316]" started-at="2025-01-04T16:40:38 IST" name="EN_XDM_Licensing" description="TestCase=001" finished-at="2025-01-04T16:40:43 IST" duration-ms="4671" status="PASS">
          <reporter-output>
          </reporter-output>
        </test-method> <!-- EN_XDM_Licensing -->
        <test-method is-config="true" signature="tearDown()[pri:0, instance:Test_Language.TestCase_English@173ed316]" started-at="2025-01-04T16:40:43 IST" name="tearDown" finished-at="2025-01-04T16:40:44 IST" duration-ms="1030" status="PASS">
          <reporter-output>
          </reporter-output>
        </test-method> <!-- tearDown -->
        <test-method is-config="true" signature="browserSetUp()[pri:0, instance:Test_Language.TestCase_English@173ed316]" started-at="2025-01-04T16:40:44 IST" name="browserSetUp" finished-at="2025-01-04T16:41:00 IST" duration-ms="16208" status="PASS">
          <reporter-output>
          </reporter-output>
        </test-method> <!-- browserSetUp -->
        <test-method signature="EN_XDM_admin()[pri:0, instance:Test_Language.TestCase_English@173ed316]" started-at="2025-01-04T16:41:00 IST" name="EN_XDM_admin" finished-at="2025-01-04T16:41:05 IST" duration-ms="5135" status="PASS">
          <reporter-output>
          </reporter-output>
        </test-method> <!-- EN_XDM_admin -->
        <test-method is-config="true" signature="tearDown()[pri:0, instance:Test_Language.TestCase_English@173ed316]" started-at="2025-01-04T16:41:05 IST" name="tearDown" finished-at="2025-01-04T16:41:06 IST" duration-ms="722" status="PASS">
          <reporter-output>
          </reporter-output>
        </test-method> <!-- tearDown -->
      </class> <!-- Test_Language.TestCase_English -->
      <class name="Test_Language.TestCase_German">
        <test-method is-config="true" signature="browserSetUp()[pri:0, instance:Test_Language.TestCase_German@710c2b53]" started-at="2025-01-04T16:41:06 IST" name="browserSetUp" finished-at="2025-01-04T16:41:23 IST" duration-ms="16427" status="PASS">
          <reporter-output>
          </reporter-output>
        </test-method> <!-- browserSetUp -->
        <test-method signature="EN_XDM_Licensing()[pri:0, instance:Test_Language.TestCase_German@710c2b53]" started-at="2025-01-04T16:41:23 IST" name="EN_XDM_Licensing" finished-at="2025-01-04T16:41:23 IST" duration-ms="823" status="PASS">
          <reporter-output>
          </reporter-output>
        </test-method> <!-- EN_XDM_Licensing -->
        <test-method is-config="true" signature="tearDown()[pri:0, instance:Test_Language.TestCase_German@710c2b53]" started-at="2025-01-04T16:41:23 IST" name="tearDown" finished-at="2025-01-04T16:41:24 IST" duration-ms="635" status="PASS">
          <reporter-output>
          </reporter-output>
        </test-method> <!-- tearDown -->
      </class> <!-- Test_Language.TestCase_German -->
    </test> <!-- Test -->
  </suite> <!-- Suite -->
</testng-results>
